2021-08-25 00:06:21,505 WARN [restartedMain] o.a.k.c.NetworkClient [NetworkClient.java:671] [Consumer clientId=consumer-1, groupId=eloim-consumer-group] Connection to node -1 could not be established. Broker may not be available.
2021-08-25 00:06:42,619 WARN [restartedMain] o.a.k.c.NetworkClient [NetworkClient.java:671] [Consumer clientId=consumer-1, groupId=eloim-consumer-group] Connection to node -1 could not be established. Broker may not be available.
2021-08-25 00:07:00,480 WARN [restartedMain] o.s.b.w.s.c.AnnotationConfigServletWebServerApplicationContext [AbstractApplicationContext.java:557] Exception encountered during context initialization - cancelling refresh attempt: org.springframework.context.ApplicationContextException: Failed to start bean 'org.springframework.kafka.config.internalKafkaListenerEndpointRegistry'; nested exception is org.apache.kafka.common.errors.TimeoutException: Timeout expired while fetching topic metadata
2021-08-25 00:13:40,226 WARN [background-preinit] o.s.h.c.j.Jackson2ObjectMapperBuilder [CompositeLog.java:127] For Jackson Kotlin classes support please add "com.fasterxml.jackson.module:jackson-module-kotlin" to the classpath
2021-08-25 00:13:41,274 WARN [restartedMain] o.s.b.w.s.c.AnnotationConfigServletWebServerApplicationContext [AbstractApplicationContext.java:557] Exception encountered during context initialization - cancelling refresh attempt: org.springframework.beans.factory.BeanCreationException: Error creating bean with name 'org.springframework.kafka.config.internalKafkaListenerAnnotationProcessor': Instantiation of bean failed; nested exception is org.springframework.beans.BeanInstantiationException: Failed to instantiate [org.springframework.kafka.annotation.KafkaListenerAnnotationBeanPostProcessor]: Constructor threw exception; nested exception is java.lang.NoClassDefFoundError: org/springframework/core/log/LogAccessor
2021-08-25 00:14:12,637 WARN [background-preinit] o.s.h.c.j.Jackson2ObjectMapperBuilder [CompositeLog.java:127] For Jackson Kotlin classes support please add "com.fasterxml.jackson.module:jackson-module-kotlin" to the classpath
2021-08-25 00:14:13,657 WARN [restartedMain] o.s.b.w.s.c.AnnotationConfigServletWebServerApplicationContext [AbstractApplicationContext.java:557] Exception encountered during context initialization - cancelling refresh attempt: org.springframework.beans.factory.BeanCreationException: Error creating bean with name 'org.springframework.kafka.config.internalKafkaListenerAnnotationProcessor': Instantiation of bean failed; nested exception is org.springframework.beans.BeanInstantiationException: Failed to instantiate [org.springframework.kafka.annotation.KafkaListenerAnnotationBeanPostProcessor]: Constructor threw exception; nested exception is java.lang.NoClassDefFoundError: org/springframework/core/log/LogAccessor
2021-08-25 00:14:22,123 WARN [background-preinit] o.s.h.c.j.Jackson2ObjectMapperBuilder [CompositeLog.java:127] For Jackson Kotlin classes support please add "com.fasterxml.jackson.module:jackson-module-kotlin" to the classpath
2021-08-25 00:14:23,180 WARN [restartedMain] o.s.b.w.s.c.AnnotationConfigServletWebServerApplicationContext [AbstractApplicationContext.java:557] Exception encountered during context initialization - cancelling refresh attempt: org.springframework.beans.factory.BeanCreationException: Error creating bean with name 'org.springframework.kafka.config.internalKafkaListenerAnnotationProcessor': Instantiation of bean failed; nested exception is org.springframework.beans.BeanInstantiationException: Failed to instantiate [org.springframework.kafka.annotation.KafkaListenerAnnotationBeanPostProcessor]: Constructor threw exception; nested exception is java.lang.NoClassDefFoundError: org/springframework/core/log/LogAccessor
2021-08-25 00:15:14,451 WARN [restartedMain] o.a.k.c.NetworkClient [NetworkClient.java:671] [Consumer clientId=consumer-1, groupId=eloim-consumer-group] Connection to node 0 could not be established. Broker may not be available.
2021-08-25 00:15:16,553 WARN [restartedMain] o.a.k.c.NetworkClient [NetworkClient.java:671] [Consumer clientId=consumer-1, groupId=eloim-consumer-group] Connection to node 0 could not be established. Broker may not be available.
2021-08-25 00:15:18,658 WARN [restartedMain] o.a.k.c.NetworkClient [NetworkClient.java:671] [Consumer clientId=consumer-1, groupId=eloim-consumer-group] Connection to node 0 could not be established. Broker may not be available.
2021-08-25 00:15:20,863 WARN [restartedMain] o.a.k.c.NetworkClient [NetworkClient.java:671] [Consumer clientId=consumer-1, groupId=eloim-consumer-group] Connection to node 0 could not be established. Broker may not be available.
2021-08-25 00:15:23,372 WARN [restartedMain] o.a.k.c.NetworkClient [NetworkClient.java:671] [Consumer clientId=consumer-1, groupId=eloim-consumer-group] Connection to node 0 could not be established. Broker may not be available.
2021-08-25 00:15:26,218 WARN [restartedMain] o.a.k.c.NetworkClient [NetworkClient.java:671] [Consumer clientId=consumer-1, groupId=eloim-consumer-group] Connection to node 0 could not be established. Broker may not be available.
2021-08-25 00:15:29,343 WARN [restartedMain] o.a.k.c.NetworkClient [NetworkClient.java:671] [Consumer clientId=consumer-1, groupId=eloim-consumer-group] Connection to node 0 could not be established. Broker may not be available.
2021-08-25 00:15:32,374 WARN [restartedMain] o.a.k.c.NetworkClient [NetworkClient.java:671] [Consumer clientId=consumer-1, groupId=eloim-consumer-group] Connection to node 0 could not be established. Broker may not be available.
2021-08-25 00:15:35,604 WARN [restartedMain] o.a.k.c.NetworkClient [NetworkClient.java:671] [Consumer clientId=consumer-1, groupId=eloim-consumer-group] Connection to node 0 could not be established. Broker may not be available.
2021-08-25 00:15:38,423 WARN [restartedMain] o.a.k.c.NetworkClient [NetworkClient.java:671] [Consumer clientId=consumer-1, groupId=eloim-consumer-group] Connection to node 0 could not be established. Broker may not be available.
2021-08-25 00:15:41,652 WARN [restartedMain] o.a.k.c.NetworkClient [NetworkClient.java:671] [Consumer clientId=consumer-1, groupId=eloim-consumer-group] Connection to node 0 could not be established. Broker may not be available.
2021-08-25 00:15:44,778 WARN [restartedMain] o.a.k.c.NetworkClient [NetworkClient.java:671] [Consumer clientId=consumer-1, groupId=eloim-consumer-group] Connection to node 0 could not be established. Broker may not be available.
2021-08-25 00:15:48,031 WARN [restartedMain] o.a.k.c.NetworkClient [NetworkClient.java:671] [Consumer clientId=consumer-1, groupId=eloim-consumer-group] Connection to node 0 could not be established. Broker may not be available.
2021-08-25 00:15:51,055 WARN [restartedMain] o.a.k.c.NetworkClient [NetworkClient.java:671] [Consumer clientId=consumer-1, groupId=eloim-consumer-group] Connection to node 0 could not be established. Broker may not be available.
2021-08-25 00:15:54,286 WARN [restartedMain] o.a.k.c.NetworkClient [NetworkClient.java:671] [Consumer clientId=consumer-1, groupId=eloim-consumer-group] Connection to node 0 could not be established. Broker may not be available.
2021-08-25 00:15:57,206 WARN [restartedMain] o.a.k.c.NetworkClient [NetworkClient.java:671] [Consumer clientId=consumer-1, groupId=eloim-consumer-group] Connection to node 0 could not be established. Broker may not be available.
2021-08-25 00:16:00,332 WARN [restartedMain] o.a.k.c.NetworkClient [NetworkClient.java:671] [Consumer clientId=consumer-1, groupId=eloim-consumer-group] Connection to node 0 could not be established. Broker may not be available.
2021-08-25 00:16:03,256 WARN [restartedMain] o.a.k.c.NetworkClient [NetworkClient.java:671] [Consumer clientId=consumer-1, groupId=eloim-consumer-group] Connection to node 0 could not be established. Broker may not be available.
2021-08-25 00:16:06,376 WARN [restartedMain] o.a.k.c.NetworkClient [NetworkClient.java:671] [Consumer clientId=consumer-1, groupId=eloim-consumer-group] Connection to node 0 could not be established. Broker may not be available.
2021-08-25 00:16:09,396 WARN [restartedMain] o.a.k.c.NetworkClient [NetworkClient.java:671] [Consumer clientId=consumer-1, groupId=eloim-consumer-group] Connection to node 0 could not be established. Broker may not be available.
2021-08-25 00:16:12,249 WARN [restartedMain] o.s.b.w.s.c.AnnotationConfigServletWebServerApplicationContext [AbstractApplicationContext.java:557] Exception encountered during context initialization - cancelling refresh attempt: org.springframework.context.ApplicationContextException: Failed to start bean 'org.springframework.kafka.config.internalKafkaListenerEndpointRegistry'; nested exception is org.apache.kafka.common.errors.TimeoutException: Timeout expired while fetching topic metadata
2021-08-25 00:24:49,492 WARN [restartedMain] o.a.k.c.NetworkClient [NetworkClient.java:671] [Consumer clientId=consumer-1, groupId=eloim-consumer-group] Connection to node 0 could not be established. Broker may not be available.
2021-08-25 00:24:51,599 WARN [restartedMain] o.a.k.c.NetworkClient [NetworkClient.java:671] [Consumer clientId=consumer-1, groupId=eloim-consumer-group] Connection to node 0 could not be established. Broker may not be available.
2021-08-25 00:24:53,807 WARN [restartedMain] o.a.k.c.NetworkClient [NetworkClient.java:671] [Consumer clientId=consumer-1, groupId=eloim-consumer-group] Connection to node 0 could not be established. Broker may not be available.
2021-08-25 00:24:56,013 WARN [restartedMain] o.a.k.c.NetworkClient [NetworkClient.java:671] [Consumer clientId=consumer-1, groupId=eloim-consumer-group] Connection to node 0 could not be established. Broker may not be available.
2021-08-25 00:24:58,527 WARN [restartedMain] o.a.k.c.NetworkClient [NetworkClient.java:671] [Consumer clientId=consumer-1, groupId=eloim-consumer-group] Connection to node 0 could not be established. Broker may not be available.
2021-08-25 00:25:01,465 WARN [restartedMain] o.a.k.c.NetworkClient [NetworkClient.java:671] [Consumer clientId=consumer-1, groupId=eloim-consumer-group] Connection to node 0 could not be established. Broker may not be available.
2021-08-25 00:25:04,390 WARN [restartedMain] o.a.k.c.NetworkClient [NetworkClient.java:671] [Consumer clientId=consumer-1, groupId=eloim-consumer-group] Connection to node 0 could not be established. Broker may not be available.
2021-08-25 00:25:07,619 WARN [restartedMain] o.a.k.c.NetworkClient [NetworkClient.java:671] [Consumer clientId=consumer-1, groupId=eloim-consumer-group] Connection to node 0 could not be established. Broker may not be available.
2021-08-25 00:25:10,742 WARN [restartedMain] o.a.k.c.NetworkClient [NetworkClient.java:671] [Consumer clientId=consumer-1, groupId=eloim-consumer-group] Connection to node 0 could not be established. Broker may not be available.
2021-08-25 00:25:13,969 WARN [restartedMain] o.a.k.c.NetworkClient [NetworkClient.java:671] [Consumer clientId=consumer-1, groupId=eloim-consumer-group] Connection to node 0 could not be established. Broker may not be available.
2021-08-25 00:25:17,167 WARN [restartedMain] o.a.k.c.NetworkClient [NetworkClient.java:671] [Consumer clientId=consumer-1, groupId=eloim-consumer-group] Connection to node 0 could not be established. Broker may not be available.
2021-08-25 00:25:20,419 WARN [restartedMain] o.a.k.c.NetworkClient [NetworkClient.java:671] [Consumer clientId=consumer-1, groupId=eloim-consumer-group] Connection to node 0 could not be established. Broker may not be available.
2021-08-25 00:25:23,346 WARN [restartedMain] o.a.k.c.NetworkClient [NetworkClient.java:671] [Consumer clientId=consumer-1, groupId=eloim-consumer-group] Connection to node 0 could not be established. Broker may not be available.
2021-08-25 00:25:26,572 WARN [restartedMain] o.a.k.c.NetworkClient [NetworkClient.java:671] [Consumer clientId=consumer-1, groupId=eloim-consumer-group] Connection to node 0 could not be established. Broker may not be available.
2021-08-25 00:25:29,600 WARN [restartedMain] o.a.k.c.NetworkClient [NetworkClient.java:671] [Consumer clientId=consumer-1, groupId=eloim-consumer-group] Connection to node 0 could not be established. Broker may not be available.
2021-08-25 00:25:32,525 WARN [restartedMain] o.a.k.c.NetworkClient [NetworkClient.java:671] [Consumer clientId=consumer-1, groupId=eloim-consumer-group] Connection to node 0 could not be established. Broker may not be available.
2021-08-25 00:25:35,649 WARN [restartedMain] o.a.k.c.NetworkClient [NetworkClient.java:671] [Consumer clientId=consumer-1, groupId=eloim-consumer-group] Connection to node 0 could not be established. Broker may not be available.
2021-08-25 00:25:38,571 WARN [restartedMain] o.a.k.c.NetworkClient [NetworkClient.java:671] [Consumer clientId=consumer-1, groupId=eloim-consumer-group] Connection to node 0 could not be established. Broker may not be available.
2021-08-25 00:25:41,501 WARN [restartedMain] o.a.k.c.NetworkClient [NetworkClient.java:671] [Consumer clientId=consumer-1, groupId=eloim-consumer-group] Connection to node 0 could not be established. Broker may not be available.
2021-08-25 00:25:44,423 WARN [restartedMain] o.a.k.c.NetworkClient [NetworkClient.java:671] [Consumer clientId=consumer-1, groupId=eloim-consumer-group] Connection to node 0 could not be established. Broker may not be available.
2021-08-25 00:25:47,311 WARN [restartedMain] o.s.b.w.s.c.AnnotationConfigServletWebServerApplicationContext [AbstractApplicationContext.java:557] Exception encountered during context initialization - cancelling refresh attempt: org.springframework.context.ApplicationContextException: Failed to start bean 'org.springframework.kafka.config.internalKafkaListenerEndpointRegistry'; nested exception is org.apache.kafka.common.errors.TimeoutException: Timeout expired while fetching topic metadata
